<?xml version="1.0" encoding="UTF-8" ?>
<testsuites>
  <testsuite failures="1" hostname="DESKTOP-FH6FHVE" id="0" name="R4-1/tests" package="" skipped="0" tests="1" time="737.02" timestamp="Thu Jan 03 18:45:56 IST 2019">
	    <properties>
		      <property name="excludeCallableTestCases" value="true" />

		      <property name="testEnvironment" value="" />

		      <property name="pluginOutputLevel" value="WARNING" />

		      <property name="projectPath" value=".." />

		      <property name="salesforceMetadataCache" value="Reuse" />

		      <property name="resultsPathDisposition" value="Replace" />

		      <property name="testOutputLevel" value="WARNING" />

		      <property name="webBrowserType" value="Google Chrome" />

		      <property name="resultsPath" value="../ANT/Results" />

		      <property name="webBrowserConfiguration" value="Full Screen" />

		      <property name="projectCachePath" value="C:\Users\Incapsulate\git\Jenkins-Provar-test\R4-1\ANT\..\..\.provarCaches" />

	    </properties>

	    <testcase classname="tests/Config\C1409_C1410-SameActivityCanBeReUsedOnDifferentSRTypeVersionsOfTheSameSRType.testcase" name="C1409_C1410-SameActivityCanBeReUsedOnDifferentSRTypeVersionsOfTheSameSRType.testcase" time="737.016">
		      <failure message="Execution failed"><![CDATA[The control was not found.  Locator: By.xpath: ( //div[@id='InlineEditDialogContent']//div[contains(@class, 'inlineEditDiv') or contains(@class, 'inlineEditCompoundDiv')]/table//tr/td[contains(@class,'labelCol') and  ( .//text() = 'Version Code' )]/following-sibling::td[1] | //div[contains(@class,'pbBody') and not(//div[@id='InlineEditDialog' and contains(@style, 'visible')])]//div[contains(@class,'pbSubsection')][1]/table//tr/td[contains(@class,'labelCol') and  ( .//text() = 'Version Code' )]/following-sibling::td[1] )]]></failure>

	    </testcase>

  </testsuite>
</testsuites>
