<?xml version="1.0" encoding="UTF-8" ?>
<testsuites>
  <testsuite failures="3" hostname="DESKTOP-FH6FHVE" id="0" name="R4-1/tests" package="" skipped="0" tests="5" time="1704.72" timestamp="Sat Dec 29 12:25:06 IST 2018">
	    <properties>
		      <property name="excludeCallableTestCases" value="true" />

		      <property name="testEnvironment" value="" />

		      <property name="pluginOutputLevel" value="WARNING" />

		      <property name="projectPath" value=".." />

		      <property name="salesforceMetadataCache" value="Reuse" />

		      <property name="resultsPathDisposition" value="Replace" />

		      <property name="testOutputLevel" value="WARNING" />

		      <property name="webBrowserType" value="Google Chrome" />

		      <property name="resultsPath" value="../ANT/Results" />

		      <property name="webBrowserConfiguration" value="Full Screen" />

		      <property name="projectCachePath" value="C:\Users\Incapsulate\git\Jenkins-Provar-test\R4-1\ANT\..\..\.provarCaches" />

	    </properties>

	    <testcase classname="tests/CaseOwner\c1493-TestQueueCanBeChangedAndOnSRListScreenCaseIsShownWhenFilteredWithQueue.testcase" name="c1493-TestQueueCanBeChangedAndOnSRListScreenCaseIsShownWhenFilteredWithQueue.testcase" time="120.151">
		      <failure message="Execution failed"><![CDATA[Field not found on the screen.  Locator: ProvarFindByElementLocator [by=public org.openqa.selenium.WebElement pageobjects.incap311sc__AgentConsole_Aadil_ServiceTypeTab_ContactInfo.SearchContact]]]></failure>

	    </testcase>

	    <testcase classname="tests/Config\C1399-QuestionReusedForDiffSRs.testcase" name="C1399-QuestionReusedForDiffSRs.testcase" time="175.498">
	</testcase>

	    <testcase classname="tests/Config\C1408_C1516-ActivitiesCanBeAddedToSRTypeVersions.testcase" name="C1408_C1516-ActivitiesCanBeAddedToSRTypeVersions.testcase" time="636.294">
	</testcase>

	    <testcase classname="tests/Config\C1409_C1410-SameActivityCanBeReUsedOnDifferentSRTypeVersionsOfTheSameSRType.testcase" name="C1409_C1410-SameActivityCanBeReUsedOnDifferentSRTypeVersionsOfTheSameSRType.testcase" time="478.822">
		      <failure message="Execution failed"><![CDATA[Failed to set value.  Cause: The control is not currently editable.  You can use the Activate inline edit interaction to make it editable.]]></failure>

	    </testcase>

	    <testcase classname="tests/Config\C1412-SameActivityCanBeReUsedOnDifferentSRTypes.testcase" name="C1412-SameActivityCanBeReUsedOnDifferentSRTypes.testcase" time="264.739">
		      <failure message="Execution failed"><![CDATA[Failed to set value.  Cause: The control is not currently editable.  You can use the Activate inline edit interaction to make it editable.]]></failure>

	    </testcase>

  </testsuite>
</testsuites>
